mobile-sdk/build/intermediates/manifest_merge_blame_file/release/manifest-merger-blame-release-report.txt
1<?xml version="1.0" encoding="utf-8"?>
2<manifest xmlns:android="http://schemas.android.com/apk/res/android"
3    package="com.webitel.mobile_sdk" >
4
5    <uses-sdk android:minSdkVersion="24" />
5-->src/main/AndroidManifest.xml
6
7    <uses-permission android:name="android.permission.BLUETOOTH_CONNECT" />
7-->src/main/AndroidManifest.xml:4:5-76
7-->src/main/AndroidManifest.xml:4:22-73
8    <uses-permission android:name="android.permission.MANAGE_OWN_CALLS" />
8-->src/main/AndroidManifest.xml:5:5-75
8-->src/main/AndroidManifest.xml:5:22-72
9    <uses-permission android:name="android.permission.WAKE_LOCK" />
9-->src/main/AndroidManifest.xml:6:5-68
9-->src/main/AndroidManifest.xml:6:22-65
10    <uses-permission android:name="android.permission.RECORD_AUDIO" />
10-->src/main/AndroidManifest.xml:7:5-70
10-->src/main/AndroidManifest.xml:7:22-68
11    <uses-permission android:name="android.permission.INTERNET" />
11-->src/main/AndroidManifest.xml:8:5-67
11-->src/main/AndroidManifest.xml:8:22-64
12    <uses-permission android:name="android.requestLegacyExternalStorage=&quot;true&quot;" />
12-->src/main/AndroidManifest.xml:9:5-83
12-->src/main/AndroidManifest.xml:9:22-80
13
14    <application
14-->src/main/AndroidManifest.xml:11:5-25:19
15        android:allowAudioPlaybackCapture="true"
15-->src/main/AndroidManifest.xml:12:9-49
16        android:exported="true"
16-->src/main/AndroidManifest.xml:13:9-32
17        android:extractNativeLibs="true"
17-->src/main/AndroidManifest.xml:14:9-41
18        android:usesCleartextTraffic="true" >
18-->src/main/AndroidManifest.xml:15:9-44
19        <service
19-->src/main/AndroidManifest.xml:16:9-24:19
20            android:name="com.webitel.mobile_sdk.data.calls.telecom.CallsService4"
20-->src/main/AndroidManifest.xml:17:13-83
21            android:enabled="true"
21-->src/main/AndroidManifest.xml:18:13-35
22            android:exported="true"
22-->src/main/AndroidManifest.xml:19:13-36
23            android:permission="android.permission.BIND_TELECOM_CONNECTION_SERVICE" >
23-->src/main/AndroidManifest.xml:20:13-84
24            <intent-filter>
24-->src/main/AndroidManifest.xml:21:13-23:29
25                <action android:name="android.telecom.ConnectionService" />
25-->src/main/AndroidManifest.xml:22:17-76
25-->src/main/AndroidManifest.xml:22:25-73
26            </intent-filter>
27        </service>
28    </application>
29
30</manifest>